C51 COMPILER V9.59.0.0   LDCHIP                                                            11/06/2020 20:07:30 PAGE 1   


C51 COMPILER V9.59.0.0, COMPILATION OF MODULE LDCHIP
OBJECT MODULE PLACED IN ..\obj\LDChip.obj
COMPILER INVOKED BY: E:\Keil_v5\C51\BIN\C51.EXE ..\code\LDChip.c OPTIMIZE(8,SPEED) BROWSE INCDIR(..\code;..\user) DEBUG 
                    -OBJECTEXTEND PRINT(.\LDChip.lst) TABS(2) OBJECT(..\obj\LDChip.obj)

line level    source

   1          /*******************************************************
   2          **  CPU: STC11L08XE
   3          **  晶振：22.1184MHZ
   4          **  波特率：9600 bit/S
   5          **  口令模式： 即每次识别时都需要说“小杰”这个口令 ，才能够进行下一级的识别
   6          /*********************************************************/
   7          #include "config.h"
   8          
   9          extern void  delay(unsigned long uldata);
  10          
  11          uint8 idata ucRegVal;
  12          extern uint8 idata nAsrStatus;
  13          
  14          void ProcessInt0(void);
  15          
  16          /************************************************************************
  17          功能描述：   复位LD模块
  18          入口参数：   none
  19          返 回 值：   none
  20          其他说明：   none
  21          **************************************************************************/
  22          void LD_Reset()
  23          {
  24   1        RSTB=1;
  25   1        delay(5);
  26   1        RSTB=0;
  27   1        delay(5);
  28   1        RSTB=1;
  29   1      
  30   1        delay(5);
  31   1        CSB=0;
  32   1        delay(5);
  33   1        CSB=1;
  34   1        delay(5);
  35   1      }
  36          /************************************************************************
  37          功能描述： LD模块命令初始化
  38          入口参数： none
  39          返 回 值： none
  40          其他说明： 该函数为出厂配置，一般不需要修改；
  41                     有兴趣的客户可对照开发手册根据需要自行修改。
  42          **************************************************************************/
  43          void LD_Init_Common()
  44          {
  45   1        LD_ReadReg(0x06);
  46   1        LD_WriteReg(0x17, 0x35);
  47   1        delay(10);
  48   1        LD_ReadReg(0x06);
  49   1      
  50   1        LD_WriteReg(0x89, 0x03);
  51   1        delay(5);
  52   1        LD_WriteReg(0xCF, 0x43);
  53   1        delay(5);
  54   1        LD_WriteReg(0xCB, 0x02);
C51 COMPILER V9.59.0.0   LDCHIP                                                            11/06/2020 20:07:30 PAGE 2   

  55   1      
  56   1        /*PLL setting*/
  57   1        LD_WriteReg(0x11, LD_PLL_11);
  58   1      
  59   1        LD_WriteReg(0x1E,0x00);
  60   1        LD_WriteReg(0x19, LD_PLL_ASR_19);
  61   1        LD_WriteReg(0x1B, LD_PLL_ASR_1B);
  62   1        LD_WriteReg(0x1D, LD_PLL_ASR_1D);
  63   1        delay(10);
  64   1      
  65   1        LD_WriteReg(0xCD, 0x04);
  66   1      //  LD_WriteReg(0x17, 0x4c);
  67   1        delay(5);
  68   1        LD_WriteReg(0xB9, 0x00);
  69   1        LD_WriteReg(0xCF, 0x4F);
  70   1        LD_WriteReg(0x6F, 0xFF);
  71   1      }
  72          
  73          /************************************************************************
  74          功能描述：   LD模块 ASR功能初始化
  75          入口参数：   none
  76          返 回 值：   none
  77          其他说明：   该函数为出厂配置，一般不需要修改；
  78                     有兴趣的客户可对照开发手册根据需要自行修改。
  79          **************************************************************************/
  80          void LD_Init_ASR()
  81          {
  82   1        LD_Init_Common();
  83   1        LD_WriteReg(0xBD, 0x00);
  84   1        LD_WriteReg(0x17, 0x48);
  85   1        delay( 10 );
  86   1        LD_WriteReg(0x3C, 0x80);
  87   1        LD_WriteReg(0x3E, 0x07);
  88   1        LD_WriteReg(0x38, 0xff);
  89   1        LD_WriteReg(0x3A, 0x07);
  90   1        LD_WriteReg(0x40, 0);
  91   1        LD_WriteReg(0x42, 8);
  92   1        LD_WriteReg(0x44, 0);
  93   1        LD_WriteReg(0x46, 8);
  94   1        delay( 1 );
  95   1      }
  96          
  97          /************************************************************************
  98          功能描述：  中断处理函数
  99          入口参数：   none
 100          返 回 值：   none
 101          其他说明：  当LD模块接收到音频信号时，将进入该函数，
 102                      判断识别是否有结果，如果没有从新配置寄
 103                      存器准备下一次的识别。
 104          **************************************************************************/
 105          void ProcessInt0(void)
 106          {
 107   1        uint8 nAsrResCount=0;
 108   1      
 109   1        EX0=0;
 110   1        ucRegVal = LD_ReadReg(0x2B);
 111   1        LD_WriteReg(0x29,0) ;
 112   1        LD_WriteReg(0x02,0) ;
 113   1        if((ucRegVal & 0x10) &&
 114   1            LD_ReadReg(0xb2)==0x21 &&
 115   1            LD_ReadReg(0xbf)==0x35)     /*识别成功*/
 116   1        {
C51 COMPILER V9.59.0.0   LDCHIP                                                            11/06/2020 20:07:30 PAGE 3   

 117   2          nAsrResCount = LD_ReadReg(0xba);
 118   2          if(nAsrResCount>0 && nAsrResCount<=4)
 119   2          {
 120   3            nAsrStatus=LD_ASR_FOUNDOK;
 121   3          }
 122   2          else
 123   2          {
 124   3            nAsrStatus=LD_ASR_FOUNDZERO;
 125   3          }
 126   2        }                              /*没有识别结果*/
 127   1        else
 128   1        {
 129   2          nAsrStatus=LD_ASR_FOUNDZERO;
 130   2        }
 131   1      
 132   1        LD_WriteReg(0x2b, 0);
 133   1        LD_WriteReg(0x1C,0);/*写0:ADC不可用*/
 134   1      
 135   1        LD_WriteReg(0x29,0) ;
 136   1        LD_WriteReg(0x02,0) ;
 137   1        LD_WriteReg(0x2B,  0);
 138   1        LD_WriteReg(0xBA, 0);
 139   1        LD_WriteReg(0xBC,0);
 140   1        LD_WriteReg(0x08,1);   /*清除FIFO_DATA*/
 141   1        LD_WriteReg(0x08,0);  /*清除FIFO_DATA后 再次写0*/
 142   1      
 143   1      
 144   1        EX0=1;
 145   1      }
 146          
 147          /************************************************************************
 148          功能描述：  运行ASR识别流程
 149          入口参数：  none
 150          返 回 值：  asrflag：1->启动成功， 0―>启动失败
 151          其他说明：  识别顺序如下:
 152                      1、RunASR()函数实现了一次完整的ASR语音识别流程
 153                      2、LD_AsrStart() 函数实现了ASR初始化
 154                      3、LD_AsrAddFixed() 函数实现了添加关键词语到LD3320芯片中
 155                      4、LD_AsrRun()  函数启动了一次ASR语音识别流程
 156                      任何一次ASR识别流程，都需要按照这个顺序，从初始化开始
 157          **************************************************************************/
 158          uint8 RunASR(void)
 159          {
 160   1        uint8 i=0;
 161   1        uint8 asrflag=0;
 162   1        for (i=0; i<5; i++)     //  防止由于硬件原因导致LD3320芯片工作不正常，所以一共尝试5次启动ASR识别流程
 163   1        {
 164   2          LD_AsrStart();
 165   2          delay(50);
 166   2          if (LD_AsrAddFixed()==0)
 167   2          {
 168   3            LD_Reset();     //  LD3320芯片内部出现不正常，立即重启LD3320芯片
 169   3            delay(50);      //  并从初始化开始重新ASR识别流程
 170   3            continue;
 171   3          }
 172   2          delay(10);
 173   2          if (LD_AsrRun() == 0)
 174   2          {
 175   3            LD_Reset();     //  LD3320芯片内部出现不正常，立即重启LD3320芯片
 176   3            delay(50);      //  并从初始化开始重新ASR识别流程
 177   3            continue;
 178   3          }
C51 COMPILER V9.59.0.0   LDCHIP                                                            11/06/2020 20:07:30 PAGE 4   

 179   2          asrflag=1;
 180   2          break;          //  ASR流程启动成功，退出当前for循环。开始等待LD3320送出的中断信号
 181   2        }
 182   1      
 183   1        return asrflag;
 184   1      }
 185          /************************************************************************
 186          功能描述：  检测LD模块是否空闲
 187          入口参数：  none
 188          返 回 值：  flag：1-> 空闲
 189          其他说明：  none
 190          **************************************************************************/
 191          uint8 LD_Check_ASRBusyFlag_b2()
 192          {
 193   1        uint8 j;
 194   1        uint8 flag = 0;
 195   1        for (j=0; j<10; j++)
 196   1        {
 197   2          if (LD_ReadReg(0xb2) == 0x21)
 198   2          {
 199   3            flag = 1;
 200   3            break;
 201   3          }
 202   2          delay(10);
 203   2        }
 204   1        return flag;
 205   1      }
 206          /************************************************************************
 207          功能描述：  启动ASR
 208          入口参数：  none
 209          返 回 值：  none
 210          其他说明：  none
 211          **************************************************************************/
 212          void LD_AsrStart()
 213          {
 214   1        LD_Init_ASR();
 215   1      }
 216          /************************************************************************
 217          功能描述：  运行ASR
 218          入口参数：  none
 219          返 回 值：  1：启动成功
 220          其他说明：  none
 221          **************************************************************************/
 222          uint8 LD_AsrRun()
 223          {
 224   1        EX0=0;
 225   1        LD_WriteReg(0x35, MIC_VOL);
 226   1        LD_WriteReg(0x1C, 0x09);
 227   1        LD_WriteReg(0xBD, 0x20);
 228   1        LD_WriteReg(0x08, 0x01);
 229   1        delay( 1 );
 230   1        LD_WriteReg(0x08, 0x00);
 231   1        delay( 1 );
 232   1      
 233   1        if(LD_Check_ASRBusyFlag_b2() == 0)
 234   1        {
 235   2          return 0;
 236   2        }
 237   1      //  LD_WriteReg(0xB6, 0xa); //识别时间   1S
 238   1      //  LD_WriteReg(0xB5, 0x1E); //背景音段时间 300ms
 239   1      //  LD_WriteReg(0xB8, 10); //结束时间
 240   1      
C51 COMPILER V9.59.0.0   LDCHIP                                                            11/06/2020 20:07:30 PAGE 5   

 241   1      //  LD_WriteReg(0x1C, 0x07); //配置双通道音频信号做为输入信号
 242   1        LD_WriteReg(0x1C, 0x0b); //配置麦克风做为输入信号
 243   1      
 244   1      
 245   1        LD_WriteReg(0xB2, 0xff);
 246   1        delay( 1);
 247   1        LD_WriteReg(0x37, 0x06);
 248   1        delay( 1 );
 249   1        LD_WriteReg(0x37, 0x06);
 250   1        delay( 5 );
 251   1        LD_WriteReg(0x29, 0x10);
 252   1      
 253   1        LD_WriteReg(0xBD, 0x00);
 254   1        EX0=1;
 255   1        return 1;
 256   1      }
 257          /************************************************************************
 258          功能描述： 向LD模块添加关键词
 259          入口参数： none
 260          返 回 值： flag：1->添加成功
 261          其他说明： 用户修改.
 262                     1、根据如下格式添加拼音关键词，同时注意修改sRecog 和pCode 数组的长度
 263                     和对应变了k的循环置。拼音串和识别码是一一对应的。
 264                     2、开发者可以学习"语音识别芯片LD3320高阶秘籍.pdf"中
 265                     关于垃圾词语吸收错误的用法，来提供识别效果。
 266                     3、”xiao jie “ 为口令，故在每次识别时，必须先发一级口令“小捷”
 267          **************************************************************************/
 268          uint8 LD_AsrAddFixed()
 269          {
 270   1        uint8 k, flag;
 271   1        uint8 nAsrAddLength;
 272   1      #define DATE_A 50   /*数组二维数值*/
 273   1      #define DATE_B 20   /*数组一维数值*/
 274   1        uint8 code sRecog[DATE_A][DATE_B] =
 275   1        {
 276   1          "hei ji ge",\ 
*** ERROR C141 IN LINE 276 OF ..\code\LDChip.c: syntax error near '\', expected 'sizeof'
 277   1          "jiang di yu zhi",\       //降低阈值 1
 278   1          "ti gao yu zhi",\         //提高阈值 2
 279   1          "xian shi wen du",\       //显示温度 3
 280   1          "xian shi shi du",\       //显示湿度 4
 281   1          "xian shi guang qiang",\  //显示光强 5
 282   1          "quan bu xian shi",\      //全部显示 6
 283   1          "xi ping",\               //息屏     7
 284   1          "wai bi ba bo",\          //降低五度 8
 285   1          "chong she yu zhi",\      //提高五度 9
 286   1          "quan bu guan bi",\
 287   1        };  /*添加关键词，用户修改*/
 288   1        uint8 code pCode[DATE_A] =
 289   1        {
 290   1          CODE_CMD, \
 291   1          CODE_1, \
 292   1          CODE_2, \
 293   1          CODE_3, \
 294   1          CODE_4, \
 295   1          CODE_5, \
 296   1          CODE_6, \
 297   1          CODE_7, \
 298   1          CODE_8, \
 299   1          CODE_9, \
 300   1          CODE_10, \
 301   1          CODE_11, \
C51 COMPILER V9.59.0.0   LDCHIP                                                            11/06/2020 20:07:30 PAGE 6   

 302   1          CODE_12, \
 303   1          CODE_13, \
 304   1          CODE_14, \
 305   1          CODE_15, \
 306   1          CODE_16, \
 307   1          CODE_17, \
 308   1          CODE_18, \
 309   1          CODE_19, \
 310   1          CODE_20, \
 311   1          CODE_21, \
 312   1          CODE_22, \
 313   1          CODE_23, \
 314   1          CODE_24, \
 315   1          CODE_25, \
 316   1          CODE_26, \
 317   1          CODE_27, \
 318   1          CODE_28, \
 319   1          CODE_29, \
 320   1          CODE_30, \
 321   1          CODE_31, \
 322   1          CODE_32, \
 323   1          CODE_33, \
 324   1          CODE_34, \
 325   1          CODE_35, \
 326   1          CODE_36, \
 327   1          CODE_37, \
 328   1          CODE_38, \
 329   1          CODE_39, \
 330   1          CODE_40, \
 331   1          CODE_41, \
 332   1          CODE_42, \
 333   1          CODE_43, \
 334   1          CODE_44, \
 335   1          CODE_45, \
 336   1          CODE_46, \
 337   1          CODE_47, \
 338   1          CODE_48, \
 339   1          CODE_49, \
 340   1        };  /*添加识别码，用户修改*/
 341   1        flag = 1;
 342   1        for (k=0; k<DATE_A; k++)
 343   1        {
 344   2      
 345   2          if(LD_Check_ASRBusyFlag_b2() == 0)
 346   2          {
 347   3            flag = 0;
 348   3            break;
 349   3          }
 350   2      
 351   2          LD_WriteReg(0xc1, pCode[k] );
 352   2          LD_WriteReg(0xc3, 0 );
 353   2          LD_WriteReg(0x08, 0x04);
 354   2          delay(1);
 355   2          LD_WriteReg(0x08, 0x00);
 356   2          delay(1);
 357   2      
 358   2          for (nAsrAddLength=0; nAsrAddLength<DATE_B; nAsrAddLength++)
 359   2          {
 360   3            if (sRecog[k][nAsrAddLength] == 0)
 361   3              break;
 362   3            LD_WriteReg(0x5, sRecog[k][nAsrAddLength]);
 363   3          }
C51 COMPILER V9.59.0.0   LDCHIP                                                            11/06/2020 20:07:30 PAGE 7   

 364   2          LD_WriteReg(0xb9, nAsrAddLength);
 365   2          LD_WriteReg(0xb2, 0xff);
 366   2          LD_WriteReg(0x37, 0x04);
 367   2        }
 368   1        return flag;
 369   1      }
 370          /************************************************************************
 371          功能描述：  获取识别结果
 372          入口参数：  none
 373          返 回 值：  LD_ReadReg(0xc5 )；  读取内部寄存器返回识别码。
 374          其他说明：  none
 375          **************************************************************************/
 376          uint8 LD_GetResult()
 377          {
 378   1        return LD_ReadReg(0xc5 );
 379   1      }
 380          
 381          
 382          

C51 COMPILATION COMPLETE.  0 WARNING(S),  1 ERROR(S)
